This is pdfTeX, Version 3.14159265-2.6-1.40.16 (TeX Live 2015/Debian) (preloaded format=pdflatex 2017.3.14)  27 MAR 2017 09:43
entering extended mode
 restricted \write18 enabled.
 %&-line parsing enabled.
**SRSLatex.tex
(./SRSLatex.tex
LaTeX2e <2016/02/01>
Babel <3.9q> and hyphenation patterns for 81 language(s) loaded.
(/usr/share/texlive/texmf-dist/tex/latex/base/article.cls
Document Class: article 2014/09/29 v1.4h Standard LaTeX document class
(/usr/share/texlive/texmf-dist/tex/latex/base/size10.clo
File: size10.clo 2014/09/29 v1.4h Standard LaTeX file (size option)
)
\c@part=\count79
\c@section=\count80
\c@subsection=\count81
\c@subsubsection=\count82
\c@paragraph=\count83
\c@subparagraph=\count84
\c@figure=\count85
\c@table=\count86
\abovecaptionskip=\skip41
\belowcaptionskip=\skip42
\bibindent=\dimen102
)
(/usr/share/texlive/texmf-dist/tex/latex/graphics/graphicx.sty
Package: graphicx 2014/10/28 v1.0g Enhanced LaTeX Graphics (DPC,SPQR)

(/usr/share/texlive/texmf-dist/tex/latex/graphics/keyval.sty
Package: keyval 2014/10/28 v1.15 key=value parser (DPC)
\KV@toks@=\toks14
)
(/usr/share/texlive/texmf-dist/tex/latex/graphics/graphics.sty
Package: graphics 2016/01/03 v1.0q Standard LaTeX Graphics (DPC,SPQR)

(/usr/share/texlive/texmf-dist/tex/latex/graphics/trig.sty
Package: trig 2016/01/03 v1.10 sin cos tan (DPC)
)
(/usr/share/texlive/texmf-dist/tex/latex/latexconfig/graphics.cfg
File: graphics.cfg 2010/04/23 v1.9 graphics configuration of TeX Live
)
Package graphics Info: Driver file: pdftex.def on input line 95.

(/usr/share/texlive/texmf-dist/tex/latex/pdftex-def/pdftex.def
File: pdftex.def 2011/05/27 v0.06d Graphics/color for pdfTeX

(/usr/share/texlive/texmf-dist/tex/generic/oberdiek/infwarerr.sty
Package: infwarerr 2010/04/08 v1.3 Providing info/warning/error messages (HO)
)
(/usr/share/texlive/texmf-dist/tex/generic/oberdiek/ltxcmds.sty
Package: ltxcmds 2011/11/09 v1.22 LaTeX kernel commands for general use (HO)
)
\Gread@gobject=\count87
))
\Gin@req@height=\dimen103
\Gin@req@width=\dimen104
)
(/usr/share/texlive/texmf-dist/tex/latex/float/float.sty
Package: float 2001/11/08 v1.3d Float enhancements (AL)
\c@float@type=\count88
\float@exts=\toks15
\float@box=\box26
\@float@everytoks=\toks16
\@floatcapt=\box27
) (./SRSLatex.aux)
\openout1 = `SRSLatex.aux'.

LaTeX Font Info:    Checking defaults for OML/cmm/m/it on input line 8.
LaTeX Font Info:    ... okay on input line 8.
LaTeX Font Info:    Checking defaults for T1/cmr/m/n on input line 8.
LaTeX Font Info:    ... okay on input line 8.
LaTeX Font Info:    Checking defaults for OT1/cmr/m/n on input line 8.
LaTeX Font Info:    ... okay on input line 8.
LaTeX Font Info:    Checking defaults for OMS/cmsy/m/n on input line 8.
LaTeX Font Info:    ... okay on input line 8.
LaTeX Font Info:    Checking defaults for OMX/cmex/m/n on input line 8.
LaTeX Font Info:    ... okay on input line 8.
LaTeX Font Info:    Checking defaults for U/cmr/m/n on input line 8.
LaTeX Font Info:    ... okay on input line 8.

(/usr/share/texlive/texmf-dist/tex/context/base/supp-pdf.mkii
[Loading MPS to PDF converter (version 2006.09.02).]
\scratchcounter=\count89
\scratchdimen=\dimen105
\scratchbox=\box28
\nofMPsegments=\count90
\nofMParguments=\count91
\everyMPshowfont=\toks17
\MPscratchCnt=\count92
\MPscratchDim=\dimen106
\MPnumerator=\count93
\makeMPintoPDFobject=\count94
\everyMPtoPDFconversion=\toks18
) (/usr/share/texlive/texmf-dist/tex/generic/oberdiek/pdftexcmds.sty
Package: pdftexcmds 2011/11/29 v0.20 Utility functions of pdfTeX for LuaTeX (HO
)

(/usr/share/texlive/texmf-dist/tex/generic/oberdiek/ifluatex.sty
Package: ifluatex 2010/03/01 v1.3 Provides the ifluatex switch (HO)
Package ifluatex Info: LuaTeX not detected.
)
(/usr/share/texlive/texmf-dist/tex/generic/oberdiek/ifpdf.sty
Package: ifpdf 2011/01/30 v2.3 Provides the ifpdf switch (HO)
Package ifpdf Info: pdfTeX in PDF mode is detected.
)
Package pdftexcmds Info: LuaTeX not detected.
Package pdftexcmds Info: \pdf@primitive is available.
Package pdftexcmds Info: \pdf@ifprimitive is available.
Package pdftexcmds Info: \pdfdraftmode found.
)
(/usr/share/texlive/texmf-dist/tex/latex/oberdiek/epstopdf-base.sty
Package: epstopdf-base 2010/02/09 v2.5 Base part for package epstopdf

(/usr/share/texlive/texmf-dist/tex/latex/oberdiek/grfext.sty
Package: grfext 2010/08/19 v1.1 Manage graphics extensions (HO)

(/usr/share/texlive/texmf-dist/tex/generic/oberdiek/kvdefinekeys.sty
Package: kvdefinekeys 2011/04/07 v1.3 Define keys (HO)
))
(/usr/share/texlive/texmf-dist/tex/latex/oberdiek/kvoptions.sty
Package: kvoptions 2011/06/30 v3.11 Key value format for package options (HO)

(/usr/share/texlive/texmf-dist/tex/generic/oberdiek/kvsetkeys.sty
Package: kvsetkeys 2012/04/25 v1.16 Key value parser (HO)

(/usr/share/texlive/texmf-dist/tex/generic/oberdiek/etexcmds.sty
Package: etexcmds 2011/02/16 v1.5 Avoid name clashes with e-TeX commands (HO)
Package etexcmds Info: Could not find \expanded.
(etexcmds)             That can mean that you are not using pdfTeX 1.50 or
(etexcmds)             that some package has redefined \expanded.
(etexcmds)             In the latter case, load this package earlier.
)))
Package grfext Info: Graphics extension search list:
(grfext)             [.png,.pdf,.jpg,.mps,.jpeg,.jbig2,.jb2,.PNG,.PDF,.JPG,.JPE
G,.JBIG2,.JB2,.eps]
(grfext)             \AppendGraphicsExtensions on input line 452.

(/usr/share/texlive/texmf-dist/tex/latex/latexconfig/epstopdf-sys.cfg
File: epstopdf-sys.cfg 2010/07/13 v1.3 Configuration of (r)epstopdf for TeX Liv
e
))
LaTeX Font Info:    External font `cmex10' loaded for size
(Font)              <12> on input line 10.
LaTeX Font Info:    External font `cmex10' loaded for size
(Font)              <8> on input line 10.
LaTeX Font Info:    External font `cmex10' loaded for size
(Font)              <6> on input line 10.

[1

{/var/lib/texmf/fonts/map/pdftex/updmap/pdftex.map}]
<./f/01.png, id=10, 648.4225pt x 364.36125pt>
File: ./f/01.png Graphic file (type png)
 <use ./f/01.png>
Package pdftex.def Info: ./f/01.png used on input line 46.
(pdftex.def)             Requested size: 259.3644pt x 145.74191pt.

<./f/02.png, id=11, 650.43pt x 364.36125pt>
File: ./f/02.png Graphic file (type png)
 <use ./f/02.png>
Package pdftex.def Info: ./f/02.png used on input line 51.
(pdftex.def)             Requested size: 260.16739pt x 145.74191pt.
 [2 <./f/01.png>]
<./f/03.png, id=15, 647.41875pt x 365.365pt>
File: ./f/03.png Graphic file (type png)
 <use ./f/03.png>
Package pdftex.def Info: ./f/03.png used on input line 56.
(pdftex.def)             Requested size: 258.9629pt x 146.1434pt.

<./f/04.png, id=16, 647.41875pt x 386.44376pt>
File: ./f/04.png Graphic file (type png)
 <use ./f/04.png>
Package pdftex.def Info: ./f/04.png used on input line 61.
(pdftex.def)             Requested size: 258.9629pt x 154.57475pt.

<./f/05.png, id=17, 650.43pt x 404.51125pt>
File: ./f/05.png Graphic file (type png)
 <use ./f/05.png>
Package pdftex.def Info: ./f/05.png used on input line 66.
(pdftex.def)             Requested size: 260.16739pt x 161.80162pt.
 [3 <./f/02.png> <./f/03.png> <./f/04.png>] <./f/06.png, id=21, 650.43pt x 349.
305pt>
File: ./f/06.png Graphic file (type png)

<use ./f/06.png>
Package pdftex.def Info: ./f/06.png used on input line 71.
(pdftex.def)             Requested size: 260.16739pt x 139.71951pt.
 <./f/07.png, id=22, 648.4225pt x 382.42876pt>
File: ./f/07.png Graphic file (type png)

<use ./f/07.png>
Package pdftex.def Info: ./f/07.png used on input line 76.
(pdftex.def)             Requested size: 259.3644pt x 152.96878pt.
 <./f/08.png, id=23, 652.4375pt x 362.35374pt>
File: ./f/08.png Graphic file (type png)

<use ./f/08.png>
Package pdftex.def Info: ./f/08.png used on input line 81.
(pdftex.def)             Requested size: 260.97037pt x 144.93892pt.
 [4 <./f/05.png> <./f/06.png> <./f/07.png>]
<./f/09.png, id=27, 650.43pt x 342.27875pt>
File: ./f/09.png Graphic file (type png)
 <use ./f/09.png>
Package pdftex.def Info: ./f/09.png used on input line 86.
(pdftex.def)             Requested size: 260.16739pt x 136.90906pt.

<./f/10.png, id=28, 646.415pt x 340.27126pt>
File: ./f/10.png Graphic file (type png)
 <use ./f/10.png>
Package pdftex.def Info: ./f/10.png used on input line 91.
(pdftex.def)             Requested size: 258.56142pt x 136.10608pt.

<./f/11.png, id=29, 648.4225pt x 345.29pt>
File: ./f/11.png Graphic file (type png)
 <use ./f/11.png>
Package pdftex.def Info: ./f/11.png used on input line 96.
(pdftex.def)             Requested size: 259.3644pt x 138.11354pt.
 [5 <./f/08.png> <./f/09.png> <./f/10.png>] <./f/12.png, id=33, 648.4225pt x 34
3.2825pt>
File: ./f/12.png Graphic file (type png)

<use ./f/12.png>
Package pdftex.def Info: ./f/12.png used on input line 101.
(pdftex.def)             Requested size: 259.3644pt x 137.31056pt.
 <./f/13.png, id=34, 645.41125pt x 344.28625pt>
File: ./f/13.png Graphic file (type png)

<use ./f/13.png>
Package pdftex.def Info: ./f/13.png used on input line 106.
(pdftex.def)             Requested size: 258.15993pt x 137.71205pt.
 <./f/14.png, id=35, 651.43375pt x 384.43625pt>
File: ./f/14.png Graphic file (type png)

<use ./f/14.png>
Package pdftex.def Info: ./f/14.png used on input line 111.
(pdftex.def)             Requested size: 260.56888pt x 153.77177pt.
 [6 <./f/11.png> <./f/12.png> <./f/13.png>]
<./f/15.png, id=39, 646.415pt x 348.30125pt>
File: ./f/15.png Graphic file (type png)
 <use ./f/15.png>
Package pdftex.def Info: ./f/15.png used on input line 116.
(pdftex.def)             Requested size: 258.56142pt x 139.31802pt.

<./f/16.png, id=40, 647.41875pt x 366.36874pt>
File: ./f/16.png Graphic file (type png)
 <use ./f/16.png>
Package pdftex.def Info: ./f/16.png used on input line 121.
(pdftex.def)             Requested size: 258.9629pt x 146.54489pt.

<./f/17.png, id=41, 652.4375pt x 349.305pt>
File: ./f/17.png Graphic file (type png)
 <use ./f/17.png>
Package pdftex.def Info: ./f/17.png used on input line 126.
(pdftex.def)             Requested size: 260.97037pt x 139.71951pt.
 [7 <./f/14.png> <./f/15.png> <./f/16.png>] <./f/18.png, id=46, 649.42625pt x 3
87.4475pt>
File: ./f/18.png Graphic file (type png)

<use ./f/18.png>
Package pdftex.def Info: ./f/18.png used on input line 131.
(pdftex.def)             Requested size: 259.7659pt x 154.97624pt.
 <./f/19.png, id=47, 650.43pt x 362.35374pt>
File: ./f/19.png Graphic file (type png)
 <use ./f/19.png>
Package pdftex.def Info: ./f/19.png used on input line 136.
(pdftex.def)             Requested size: 260.16739pt x 144.93892pt.

<./f/20.png, id=48, 653.44125pt x 365.365pt>
File: ./f/20.png Graphic file (type png)
 <use ./f/20.png>
Package pdftex.def Info: ./f/20.png used on input line 141.
(pdftex.def)             Requested size: 261.37187pt x 146.1434pt.
 [8 <./f/17.png> <./f/18.png> <./f/19.png>] <./f/21.png, id=52, 652.4375pt x 36
7.3725pt>
File: ./f/21.png Graphic file (type png)

<use ./f/21.png>
Package pdftex.def Info: ./f/21.png used on input line 146.
(pdftex.def)             Requested size: 260.97037pt x 146.94638pt.
 <./f/22.png, id=53, 650.43pt x 352.31625pt>
File: ./f/22.png Graphic file (type png)
 <use ./f/22.png>
Package pdftex.def Info: ./f/22.png used on input line 151.
(pdftex.def)             Requested size: 260.16739pt x 140.924pt.

<./f/23.png, id=54, 651.43375pt x 350.30875pt>
File: ./f/23.png Graphic file (type png)
 <use ./f/23.png>
Package pdftex.def Info: ./f/23.png used on input line 156.
(pdftex.def)             Requested size: 260.56888pt x 140.12102pt.
 [9 <./f/20.png> <./f/21.png> <./f/22.png>] <./f/24.png, id=58, 649.42625pt x 3
54.32375pt>
File: ./f/24.png Graphic file (type png)

<use ./f/24.png>
Package pdftex.def Info: ./f/24.png used on input line 161.
(pdftex.def)             Requested size: 259.7659pt x 141.72697pt.
 <./f/25.png, id=59, 650.43pt x 349.305pt>
File: ./f/25.png Graphic file (type png)
 <use ./f/25.png>
Package pdftex.def Info: ./f/25.png used on input line 166.
(pdftex.def)             Requested size: 260.16739pt x 139.71951pt.

<./f/26.png, id=60, 650.43pt x 351.3125pt>
File: ./f/26.png Graphic file (type png)
 <use ./f/26.png>
Package pdftex.def Info: ./f/26.png used on input line 171.
(pdftex.def)             Requested size: 260.16739pt x 140.5225pt.
 [10 <./f/23.png> <./f/24.png> <./f/25.png>] <./f/27.png, id=64, 648.4225pt x 3
44.28625pt>
File: ./f/27.png Graphic file (type png)

<use ./f/27.png>
Package pdftex.def Info: ./f/27.png used on input line 176.
(pdftex.def)             Requested size: 259.3644pt x 137.71205pt.
 <./f/28.png, id=65, 653.44125pt x 351.3125pt>
File: ./f/28.png Graphic file (type png)

<use ./f/28.png>
Package pdftex.def Info: ./f/28.png used on input line 181.
(pdftex.def)             Requested size: 261.37187pt x 140.5225pt.
 <./f/29.png, id=66, 648.4225pt x 350.30875pt>
File: ./f/29.png Graphic file (type png)

<use ./f/29.png>
Package pdftex.def Info: ./f/29.png used on input line 186.
(pdftex.def)             Requested size: 259.3644pt x 140.12102pt.
 [11 <./f/26.png> <./f/27.png> <./f/28.png>]
<./f/30.png, id=70, 647.41875pt x 385.44pt>
File: ./f/30.png Graphic file (type png)
 <use ./f/30.png>
Package pdftex.def Info: ./f/30.png used on input line 191.
(pdftex.def)             Requested size: 258.9629pt x 154.17326pt.

<./f/31.png, id=71, 652.4375pt x 349.305pt>
File: ./f/31.png Graphic file (type png)
 <use ./f/31.png>
Package pdftex.def Info: ./f/31.png used on input line 196.
(pdftex.def)             Requested size: 260.97037pt x 139.71951pt.

<./f/32.png, id=72, 652.4375pt x 355.3275pt>
File: ./f/32.png Graphic file (type png)
 <use ./f/32.png>
Package pdftex.def Info: ./f/32.png used on input line 201.
(pdftex.def)             Requested size: 260.97037pt x 142.12846pt.
 [12 <./f/29.png> <./f/30.png> <./f/31.png>] <./Home.png, id=76, 1499.6025pt x 
883.3pt>
File: ./Home.png Graphic file (type png)

<use ./Home.png>
Package pdftex.def Info: ./Home.png used on input line 214.
(pdftex.def)             Requested size: 299.91519pt x 176.65686pt.
 [13 <./f/32.png> <./Home.png>]
<./nonf/01.png, id=82, 648.4225pt x 136.51pt>
File: ./nonf/01.png Graphic file (type png)
 <use ./nonf/01.png>
Package pdftex.def Info: ./nonf/01.png used on input line 245.
(pdftex.def)             Requested size: 259.3644pt x 54.60303pt.

<./nonf/02.png, id=83, 654.445pt x 158.5925pt>
File: ./nonf/02.png Graphic file (type png)
 <use ./nonf/02.png>
Package pdftex.def Info: ./nonf/02.png used on input line 252.
(pdftex.def)             Requested size: 261.77336pt x 63.43585pt.
 [14 <./nonf/01.png>] <./nonf/03.png, id=87, 652.4375pt x 142.5325pt>
File: ./nonf/03.png Graphic file (type png)
 <use ./nonf/03.png>
Package pdftex.def Info: ./nonf/03.png used on input line 259.
(pdftex.def)             Requested size: 260.97037pt x 57.01198pt.

<./nonf/04.png, id=88, 649.42625pt x 159.59625pt>
File: ./nonf/04.png Graphic file (type png)
 <use ./nonf/04.png>
Package pdftex.def Info: ./nonf/04.png used on input line 266.
(pdftex.def)             Requested size: 259.7659pt x 63.83736pt.

<./nonf/05.png, id=89, 656.4525pt x 144.54pt>
File: ./nonf/05.png Graphic file (type png)
 <use ./nonf/05.png>
Package pdftex.def Info: ./nonf/05.png used on input line 273.
(pdftex.def)             Requested size: 262.57634pt x 57.81496pt.

<./nonf/06.png, id=90, 649.42625pt x 136.51pt>
File: ./nonf/06.png Graphic file (type png)
 <use ./nonf/06.png>
Package pdftex.def Info: ./nonf/06.png used on input line 280.
(pdftex.def)             Requested size: 259.7659pt x 54.60303pt.

<./nonf/07.png, id=91, 652.4375pt x 139.52126pt>
File: ./nonf/07.png Graphic file (type png)
 <use ./nonf/07.png>
Package pdftex.def Info: ./nonf/07.png used on input line 287.
(pdftex.def)             Requested size: 260.97037pt x 55.8075pt.
 [15 <./nonf/02.png> <./nonf/03.png> <./nonf/04.png> <./nonf/05.png> <./nonf/06
.png>]
<./nonf/08.png, id=95, 651.43375pt x 160.6pt>
File: ./nonf/08.png Graphic file (type png)
 <use ./nonf/08.png>
Package pdftex.def Info: ./nonf/08.png used on input line 294.
(pdftex.def)             Requested size: 260.56888pt x 64.23885pt.

<./nonf/09.png, id=96, 652.4375pt x 163.61125pt>
File: ./nonf/09.png Graphic file (type png)
 <use ./nonf/09.png>
Package pdftex.def Info: ./nonf/09.png used on input line 299.
(pdftex.def)             Requested size: 260.97037pt x 65.44333pt.

<./nonf/10.png, id=97, 649.42625pt x 157.58875pt>
File: ./nonf/10.png Graphic file (type png)
 <use ./nonf/10.png>
Package pdftex.def Info: ./nonf/10.png used on input line 304.
(pdftex.def)             Requested size: 259.7659pt x 63.03436pt.

<./nonf/11.png, id=98, 651.43375pt x 141.52875pt>
File: ./nonf/11.png Graphic file (type png)
 <use ./nonf/11.png>
Package pdftex.def Info: ./nonf/11.png used on input line 309.
(pdftex.def)             Requested size: 260.56888pt x 56.61049pt.

<./classdiagram/InhertanceRelations.png, id=99, 843.15pt x 1134.2375pt>
File: ./classdiagram/InhertanceRelations.png Graphic file (type png)

<use ./classdiagram/InhertanceRelations.png>
Package pdftex.def Info: ./classdiagram/InhertanceRelations.png used on input l
ine 318.
(pdftex.def)             Requested size: 337.25401pt x 453.68697pt.
 [16 <./nonf/07.png> <./nonf/08.png> <./nonf/09.png> <./nonf/10.png> <./nonf/11
.png>]
<./classdiagram/description/01.png, id=103, 591.20876pt x 217.81375pt>
File: ./classdiagram/description/01.png Graphic file (type png)

<use ./classdiagram/description/01.png>
Package pdftex.def Info: ./classdiagram/description/01.png used on input line 3
24.
(pdftex.def)             Requested size: 236.47931pt x 87.12395pt.

<./classdiagram/description/02.png, id=104, 596.2275pt x 223.83624pt>
File: ./classdiagram/description/02.png Graphic file (type png)

<use ./classdiagram/description/02.png>
Package pdftex.def Info: ./classdiagram/description/02.png used on input line 3
28.
(pdftex.def)             Requested size: 238.48677pt x 89.5329pt.
 [17 <./classdiagram/InhertanceRelations.png (PNG copy)>]
<./classdiagram/description/03.png, id=108, 594.22pt x 224.84pt>
File: ./classdiagram/description/03.png Graphic file (type png)

<use ./classdiagram/description/03.png>
Package pdftex.def Info: ./classdiagram/description/03.png used on input line 3
32.
(pdftex.def)             Requested size: 237.68379pt x 89.9344pt.

<./classdiagram/description/04.png, id=109, 595.22375pt x 217.81375pt>
File: ./classdiagram/description/04.png Graphic file (type png)

<use ./classdiagram/description/04.png>
Package pdftex.def Info: ./classdiagram/description/04.png used on input line 3
36.
(pdftex.def)             Requested size: 238.08528pt x 87.12395pt.

<./classdiagram/description/05.png, id=110, 594.22pt x 221.82875pt>
File: ./classdiagram/description/05.png Graphic file (type png)

<use ./classdiagram/description/05.png>
Package pdftex.def Info: ./classdiagram/description/05.png used on input line 3
40.
(pdftex.def)             Requested size: 237.68379pt x 88.72992pt.

<./classdiagram/description/06.png, id=111, 597.23125pt x 229.85875pt>
File: ./classdiagram/description/06.png Graphic file (type png)

<use ./classdiagram/description/06.png>
Package pdftex.def Info: ./classdiagram/description/06.png used on input line 3
44.
(pdftex.def)             Requested size: 238.88826pt x 91.94186pt.
 [18 <./classdiagram/description/01.png> <./classdiagram/description/02.png> <.
/classdiagram/description/03.png> <./classdiagram/description/04.png>]
<./classdiagram/description/07.png, id=115, 598.235pt x 240.9pt>
File: ./classdiagram/description/07.png Graphic file (type png)

<use ./classdiagram/description/07.png>
Package pdftex.def Info: ./classdiagram/description/07.png used on input line 3
49.
(pdftex.def)             Requested size: 239.28975pt x 96.35828pt.

<./classdiagram/description/08.png, id=116, 594.22pt x 234.8775pt>
File: ./classdiagram/description/08.png Graphic file (type png)

<use ./classdiagram/description/08.png>
Package pdftex.def Info: ./classdiagram/description/08.png used on input line 3
54.
(pdftex.def)             Requested size: 237.68379pt x 93.94933pt.

<./classdiagram/description/09.png, id=117, 600.2425pt x 218.8175pt>
File: ./classdiagram/description/09.png Graphic file (type png)

<use ./classdiagram/description/09.png>
Package pdftex.def Info: ./classdiagram/description/09.png used on input line 3
59.
(pdftex.def)             Requested size: 240.09274pt x 87.52544pt.

<./classdiagram/description/10.png, id=118, 596.2275pt x 321.2pt>
File: ./classdiagram/description/10.png Graphic file (type png)

<use ./classdiagram/description/10.png>
Package pdftex.def Info: ./classdiagram/description/10.png used on input line 3
64.
(pdftex.def)             Requested size: 238.48677pt x 128.47772pt.
 [19 <./classdiagram/description/05.png> <./classdiagram/description/06.png> <.
/classdiagram/description/07.png> <./classdiagram/description/08.png> <./classd
iagram/description/09.png>]
<./classdiagram/description/11.png, id=123, 592.2125pt x 266.9975pt>
File: ./classdiagram/description/11.png Graphic file (type png)

<use ./classdiagram/description/11.png>
Package pdftex.def Info: ./classdiagram/description/11.png used on input line 3
69.
(pdftex.def)             Requested size: 236.8808pt x 106.79709pt.

<./classdiagram/description/12.png, id=124, 600.2425pt x 277.035pt>
File: ./classdiagram/description/12.png Graphic file (type png)

<use ./classdiagram/description/12.png>
Package pdftex.def Info: ./classdiagram/description/12.png used on input line 3
74.
(pdftex.def)             Requested size: 240.09274pt x 110.81203pt.

<./classdiagram/description/13.png, id=125, 595.22375pt x 257.96375pt>
File: ./classdiagram/description/13.png Graphic file (type png)

<use ./classdiagram/description/13.png>
Package pdftex.def Info: ./classdiagram/description/13.png used on input line 3
79.
(pdftex.def)             Requested size: 238.08528pt x 103.18365pt.

<./classdiagram/description/14.png, id=126, 596.2275pt x 294.09875pt>
File: ./classdiagram/description/14.png Graphic file (type png)

<use ./classdiagram/description/14.png>
Package pdftex.def Info: ./classdiagram/description/14.png used on input line 3
84.
(pdftex.def)             Requested size: 238.48677pt x 117.6374pt.
 [20 <./classdiagram/description/10.png> <./classdiagram/description/11.png> <.
/classdiagram/description/12.png> <./classdiagram/description/13.png>]
<./classdiagram/description/15.png, id=130, 601.24625pt x 258.9675pt>
File: ./classdiagram/description/15.png Graphic file (type png)

<use ./classdiagram/description/15.png>
Package pdftex.def Info: ./classdiagram/description/15.png used on input line 3
89.
(pdftex.def)             Requested size: 240.49423pt x 103.58514pt.

<./classdiagram/description/16.png, id=131, 591.20876pt x 249.93375pt>
File: ./classdiagram/description/16.png Graphic file (type png)

<use ./classdiagram/description/16.png>
Package pdftex.def Info: ./classdiagram/description/16.png used on input line 3
94.
(pdftex.def)             Requested size: 236.47931pt x 99.97173pt.

<./classdiagram/description/17.png, id=132, 597.23125pt x 257.96375pt>
File: ./classdiagram/description/17.png Graphic file (type png)

<use ./classdiagram/description/17.png>
Package pdftex.def Info: ./classdiagram/description/17.png used on input line 3
99.
(pdftex.def)             Requested size: 238.88826pt x 103.18365pt.

<./classdiagram/description/18.png, id=133, 595.22375pt x 217.81375pt>
File: ./classdiagram/description/18.png Graphic file (type png)

<use ./classdiagram/description/18.png>
Package pdftex.def Info: ./classdiagram/description/18.png used on input line 4
04.
(pdftex.def)             Requested size: 238.08528pt x 87.12395pt.
 [21 <./classdiagram/description/14.png> <./classdiagram/description/15.png> <.
/classdiagram/description/16.png> <./classdiagram/description/17.png>]
<./scenario/01.png, id=137, 651.43375pt x 210.7875pt>
File: ./scenario/01.png Graphic file (type png)
 <use ./scenario/01.png>
Package pdftex.def Info: ./scenario/01.png used on input line 412.
(pdftex.def)             Requested size: 260.56888pt x 84.3135pt.

<./scenario/02.png, id=138, 650.43pt x 232.87pt>
File: ./scenario/02.png Graphic file (type png)
 <use ./scenario/02.png>
Package pdftex.def Info: ./scenario/02.png used on input line 416.
(pdftex.def)             Requested size: 260.16739pt x 93.14633pt.

<./scenario/03.png, id=139, 655.44875pt x 194.7275pt>
File: ./scenario/03.png Graphic file (type png)
 <use ./scenario/03.png>
Package pdftex.def Info: ./scenario/03.png used on input line 420.
(pdftex.def)             Requested size: 262.17485pt x 77.8896pt.

<./scenario/04.png, id=140, 653.44125pt x 195.73125pt>
File: ./scenario/04.png Graphic file (type png)
 <use ./scenario/04.png>
Package pdftex.def Info: ./scenario/04.png used on input line 424.
(pdftex.def)             Requested size: 261.37187pt x 78.2911pt.

<./scenario/05.png, id=141, 652.4375pt x 137.51375pt>
File: ./scenario/05.png Graphic file (type png)
 <use ./scenario/05.png>
Package pdftex.def Info: ./scenario/05.png used on input line 428.
(pdftex.def)             Requested size: 260.97037pt x 55.00452pt.

<./scenario/06.png, id=142, 654.445pt x 180.675pt>
File: ./scenario/06.png Graphic file (type png)
 <use ./scenario/06.png>
Package pdftex.def Info: ./scenario/06.png used on input line 432.
(pdftex.def)             Requested size: 261.77336pt x 72.2687pt.

[22 <./classdiagram/description/18.png> <./scenario/01.png> <./scenario/02.png>
 <./scenario/03.png> <./scenario/04.png>]
<./scenario/07.png, id=146, 647.41875pt x 190.7125pt>
File: ./scenario/07.png Graphic file (type png)
 <use ./scenario/07.png>
Package pdftex.def Info: ./scenario/07.png used on input line 436.
(pdftex.def)             Requested size: 258.9629pt x 76.28363pt.

<./scenario/08.png, id=147, 653.44125pt x 162.6075pt>
File: ./scenario/08.png Graphic file (type png)
 <use ./scenario/08.png>
Package pdftex.def Info: ./scenario/08.png used on input line 440.
(pdftex.def)             Requested size: 261.37187pt x 65.04184pt.

<./scenario/09.png, id=148, 651.43375pt x 140.525pt>
File: ./scenario/09.png Graphic file (type png)
 <use ./scenario/09.png>
Package pdftex.def Info: ./scenario/09.png used on input line 444.
(pdftex.def)             Requested size: 260.56888pt x 56.20898pt.

<./scenario/10.png, id=149, 651.43375pt x 159.59625pt>
File: ./scenario/10.png Graphic file (type png)
 <use ./scenario/10.png>
Package pdftex.def Info: ./scenario/10.png used on input line 448.
(pdftex.def)             Requested size: 260.56888pt x 63.83736pt.

<./scenario/11.png, id=150, 651.43375pt x 159.59625pt>
File: ./scenario/11.png Graphic file (type png)
 <use ./scenario/11.png>
Package pdftex.def Info: ./scenario/11.png used on input line 452.
(pdftex.def)             Requested size: 260.56888pt x 63.83736pt.

<./scenario/12.png, id=151, 654.445pt x 178.6675pt>
File: ./scenario/12.png Graphic file (type png)
 <use ./scenario/12.png>
Package pdftex.def Info: ./scenario/12.png used on input line 456.
(pdftex.def)             Requested size: 261.77336pt x 71.46573pt.

[23 <./scenario/05.png> <./scenario/06.png> <./scenario/07.png> <./scenario/08.
png> <./scenario/09.png> <./scenario/10.png>]
<./scenario/13.png, id=155, 653.44125pt x 118.4425pt>
File: ./scenario/13.png Graphic file (type png)
 <use ./scenario/13.png>
Package pdftex.def Info: ./scenario/13.png used on input line 460.
(pdftex.def)             Requested size: 261.37187pt x 47.37614pt.

<./scenario/14.png, id=156, 652.4375pt x 158.5925pt>
File: ./scenario/14.png Graphic file (type png)
 <use ./scenario/14.png>
Package pdftex.def Info: ./scenario/14.png used on input line 464.
(pdftex.def)             Requested size: 260.97037pt x 63.43585pt.

<./scenario/15.png, id=157, 648.4225pt x 139.52126pt>
File: ./scenario/15.png Graphic file (type png)
 <use ./scenario/15.png>
Package pdftex.def Info: ./scenario/15.png used on input line 468.
(pdftex.def)             Requested size: 259.3644pt x 55.8075pt.

<./scenario/16.png, id=158, 651.43375pt x 148.555pt>
File: ./scenario/16.png Graphic file (type png)
 <use ./scenario/16.png>
Package pdftex.def Info: ./scenario/16.png used on input line 472.
(pdftex.def)             Requested size: 260.56888pt x 59.42093pt.

<./scenario/17.png, id=159, 648.4225pt x 117.43875pt>
File: ./scenario/17.png Graphic file (type png)
 <use ./scenario/17.png>
Package pdftex.def Info: ./scenario/17.png used on input line 476.
(pdftex.def)             Requested size: 259.3644pt x 46.97466pt.

<./scenario/18.png, id=160, 650.43pt x 194.7275pt>
File: ./scenario/18.png Graphic file (type png)
 <use ./scenario/18.png>
Package pdftex.def Info: ./scenario/18.png used on input line 480.
(pdftex.def)             Requested size: 260.16739pt x 77.8896pt.

<./scenario/19.png, id=161, 655.44875pt x 218.8175pt>
File: ./scenario/19.png Graphic file (type png)
 <use ./scenario/19.png>
Package pdftex.def Info: ./scenario/19.png used on input line 484.
(pdftex.def)             Requested size: 262.17485pt x 87.52544pt.

[24 <./scenario/11.png> <./scenario/12.png> <./scenario/13.png> <./scenario/14.
png> <./scenario/15.png> <./scenario/16.png> <./scenario/17.png>]
<./scenario/20.png, id=165, 653.44125pt x 191.71625pt>
File: ./scenario/20.png Graphic file (type png)
 <use ./scenario/20.png>
Package pdftex.def Info: ./scenario/20.png used on input line 488.
(pdftex.def)             Requested size: 261.37187pt x 76.68513pt.

<./scenario/21.png, id=166, 652.4375pt x 175.65625pt>
File: ./scenario/21.png Graphic file (type png)
 <use ./scenario/21.png>
Package pdftex.def Info: ./scenario/21.png used on input line 492.
(pdftex.def)             Requested size: 260.97037pt x 70.26125pt.

<./scenario/22.png, id=167, 649.42625pt x 178.6675pt>
File: ./scenario/22.png Graphic file (type png)
 <use ./scenario/22.png>
Package pdftex.def Info: ./scenario/22.png used on input line 496.
(pdftex.def)             Requested size: 259.7659pt x 71.46573pt.

<./scenario/23.png, id=168, 655.44875pt x 172.645pt>
File: ./scenario/23.png Graphic file (type png)
 <use ./scenario/23.png>
Package pdftex.def Info: ./scenario/23.png used on input line 500.
(pdftex.def)             Requested size: 262.17485pt x 69.05676pt.

<./scenario/24.png, id=169, 656.4525pt x 179.67125pt>
File: ./scenario/24.png Graphic file (type png)
 <use ./scenario/24.png>
Package pdftex.def Info: ./scenario/24.png used on input line 504.
(pdftex.def)             Requested size: 262.57634pt x 71.86722pt.

[25 <./scenario/18.png> <./scenario/19.png> <./scenario/20.png> <./scenario/21.
png> <./scenario/22.png>] <./scenario/25.png, id=174, 655.44875pt x 140.525pt>
File: ./scenario/25.png Graphic file (type png)

<use ./scenario/25.png>
Package pdftex.def Info: ./scenario/25.png used on input line 508.
(pdftex.def)             Requested size: 262.17485pt x 56.20898pt.
 <./scenario/26.png, id=175, 650.43pt x 138.5175pt>
File: ./scenario/26.png Graphic file (type png)

<use ./scenario/26.png>
Package pdftex.def Info: ./scenario/26.png used on input line 512.
(pdftex.def)             Requested size: 260.16739pt x 55.406pt.
 <./scenario/27.png, id=176, 653.44125pt x 164.615pt>
File: ./scenario/27.png Graphic file (type png)

<use ./scenario/27.png>
Package pdftex.def Info: ./scenario/27.png used on input line 516.
(pdftex.def)             Requested size: 261.37187pt x 65.84482pt.
 <./scenario/28.png, id=177, 655.44875pt x 158.5925pt>
File: ./scenario/28.png Graphic file (type png)

<use ./scenario/28.png>
Package pdftex.def Info: ./scenario/28.png used on input line 520.
(pdftex.def)             Requested size: 262.17485pt x 63.43585pt.
 <./scenario/29.png, id=178, 651.43375pt x 177.66376pt>
File: ./scenario/29.png Graphic file (type png)

<use ./scenario/29.png>
Package pdftex.def Info: ./scenario/29.png used on input line 524.
(pdftex.def)             Requested size: 260.56888pt x 71.06424pt.
 <./scenario/30.png, id=179, 651.43375pt x 155.58125pt>
File: ./scenario/30.png Graphic file (type png)

<use ./scenario/30.png>
Package pdftex.def Info: ./scenario/30.png used on input line 528.
(pdftex.def)             Requested size: 260.56888pt x 62.23138pt.
 [26 <./scenario/23.png> <./scenario/24.png> <./scenario/25.png> <./scenario/26
.png> <./scenario/27.png> <./scenario/28.png>]
<./scenario/31.png, id=183, 654.445pt x 123.46124pt>
File: ./scenario/31.png Graphic file (type png)
 <use ./scenario/31.png>
Package pdftex.def Info: ./scenario/31.png used on input line 532.
(pdftex.def)             Requested size: 261.77336pt x 49.3836pt.

<./scenario/32.png, id=184, 654.445pt x 122.4575pt>
File: ./scenario/32.png Graphic file (type png)
 <use ./scenario/32.png>
Package pdftex.def Info: ./scenario/32.png used on input line 536.
(pdftex.def)             Requested size: 261.77336pt x 48.98212pt.
File: ./scenario/01.png Graphic file (type png)

<use ./scenario/01.png>
Package pdftex.def Info: ./scenario/01.png used on input line 540.
(pdftex.def)             Requested size: 260.56888pt x 84.3135pt.
 [27 <./scenario/29.png> <./scenario/30.png> <./scenario/31.png> <./scenario/32
.png>]
No file SRSLatex.bbl.
[28] (./SRSLatex.aux) ) 
Here is how much of TeX's memory you used:
 1966 strings out of 493029
 30875 string characters out of 6136234
 81924 words of memory out of 5000000
 5469 multiletter control sequences out of 15000+600000
 7895 words of font info for 28 fonts, out of 8000000 for 9000
 1141 hyphenation exceptions out of 8191
 37i,6n,23p,397b,220s stack positions out of 5000i,500n,10000p,200000b,80000s
</usr/share/texlive/texmf-dist/fonts/type1/public/amsfon
ts/cm/cmbx10.pfb></usr/share/texlive/texmf-dist/fonts/type1/public/amsfonts/cm/
cmbx12.pfb></usr/share/texlive/texmf-dist/fonts/type1/public/amsfonts/cm/cmr10.
pfb></usr/share/texlive/texmf-dist/fonts/type1/public/amsfonts/cm/cmr12.pfb></u
sr/share/texlive/texmf-dist/fonts/type1/public/amsfonts/cm/cmr17.pfb>
Output written on SRSLatex.pdf (28 pages, 3775326 bytes).
PDF statistics:
 209 PDF objects out of 1000 (max. 8388607)
 78 compressed objects within 1 object stream
 0 named destinations out of 1000 (max. 500000)
 476 words of extra memory for PDF output out of 10000 (max. 10000000)

